F 5657 3db0 0003
S 5657 0003 0000
A 5601 3d98 49c8
T 5601 19ec 60a4
D 5601 0860 0008
A 5602 3da4 49d0
A 5603 3d90 49cc
A 5604 3da4 49cc
A 5605 3dac 49d0
A 5606 3da4 49cc
A 5607 3dbc 49cc
A 5608 3da8 49c4
A 5609 3dac 49c4
A 560a 3db8 49cc
A 560b 3dac 49cc
A 560c 3db0 49cc
A 560d 3dac 49cc
A 560e 3db0 49c4
A 560f 3dbc 49c0
A 5610 3db4 49cc
A 5611 3dac 49cc
A 5612 3da8 49c4
A 5613 3dc4 49c8
A 5614 3db8 49cc
A 5615 3da8 49cc
A 5616 3dac 49d0
A 5617 3dc0 49cc
A 5618 3d98 49c8
A 5619 3db0 49cc
A 561a 3db0 49d0
A 561b 3db0 49d0
A 561c 3db0 49c4
A 561d 3db4 49c8
A 561e 3da8 49d0
A 561f 3da8 49d4
A 5620 3dc0 49cc
A 5621 3db0 49cc
A 5622 3dac 49cc
A 5623 3db8 49c8
A 5624 3da4 49d0
A 5625 3dac 49d0
A 5626 3dac 49cc
A 5627 3db0 49c4
A 5628 3db0 49c8
A 5629 3db8 49cc
A 562a 3db0 49c8
A 562b 3da8 49d0
A 562c 3dac 49d0
A 562d 3dc0 49cc
A 562e 3dc8 49c8
A 562f 3dc4 49d0
A 5630 3db4 49cc
A 5631 3db4 49c8
A 5632 3da8 49c8
A 5633 3dc4 49c8
A 5634 3db8 49d0
A 5635 3db8 49cc
A 5636 3da8 49cc
A 5637 3da4 49cc
A 5638 3dac 49c8
A 5639 3da8 49cc
A 563a 3db4 49c8
A 563b 3db8 49c4
A 563c 3db0 49c4
A 563d 3db8 49cc
A 563e 3db0 49cc
A 563f 3dc8 49cc
A 5640 3db8 49cc
A 5641 3dac 49c8
A 5642 3dac 49c8
A 5643 3dac 49cc
A 5644 3dbc 49c8
A 5645 3db4 49cc
A 5646 3db0 49c4
A 5647 3db4 49c4
A 5648 3dac 49cc
A 5649 3dd4 49cc
A 564a 3db4 49cc
A 564b 3dc4 49d0
A 564c 3da4 49c8
A 564d 3d7c 49cc
A 564e 3de4 49d0
A 564f 3d80 49d4
A 5650 3dc8 49cc
A 5651 3de0 49c0
A 5652 3d4c 49d0
A 5653 3dc0 49d0
A 5654 3da8 49d0
A 5655 2998 4a00
A 5656 3354 49b4
A 5657 322c 49cc
A 5658 3354 49d0
A 5659 3330 49c4
A 565a 33a4 49c8
A 565b 33a4 49c8
A 565c 3380 49d0
A 565d 331c 49d8
A 565e 34a8 49c0
A 565f 3370 49c8
A 5660 325c 49c0
A 5661 321c 49d8
A 5662 3210 49c0
A 5663 3238 49cc
A 5664 3238 49b8
A 5665 3210 49c4
A 5666 3240 49bc
A 5667 3234 49c8
A 5668 31c4 49bc
A 5669 318c 49c8
A 566a 3178 49c4
A 566b 319c 49c4
A 566c 3184 49c0
A 566d 3178 49bc
A 566e 3180 49bc
A 566f 3174 49bc
A 5670 3148 49c0
A 5671 316c 49b8
A 5672 3184 49c4
A 5673 318c 49b8
A 5674 316c 49bc
A 5675 317c 49a8
A 5676 3174 49c0
A 5677 3190 49a8
A 5678 31a4 49bc
A 5679 3180 49a8
A 567a 318c 49b0
A 567b 3194 49a0
A 567c 3194 49b4
A 567d 3190 49b0
A 567e 3198 49b0
A 567f 3194 499c
A 5680 3180 49a8
A 5681 317c 49a4
T 5681 19f4 60a4
D 5681 085c 0008
A 5682 3194 49a8
A 5683 3170 499c
A 5684 3178 4998
A 5685 3180 49a4
A 5686 318c 4994
A 5687 3168 49a4
A 5688 31c8 4990
A 5689 31f8 49a0
A 568a 31bc 4988
A 568b 31c8 49a0
A 568c 31a4 4990
A 568d 3198 499c
A 568e 318c 4980
A 568f 3174 4990
A 5690 3190 4988
A 5691 3178 4990
A 5692 318c 4980
A 5693 3168 4984
A 5694 319c 497c
A 5695 3168 4980
A 5696 3168 497c
A 5697 3150 497c
A 5698 3158 4978
A 5699 314c 4978
A 569a 315c 4970
A 569b 3148 4978
A 569c 311c 4970
A 569d 3108 496c
A 569e 30fc 4970
A 569f 3118 4974
A 56a0 3144 4974
A 56a1 313c 4964
A 56a2 314c 495c
A 56a3 3160 4954
A 56a4 3168 4958
A 56a5 316c 4958
A 56a6 3178 4958
A 56a7 3168 4954
A 56a8 3160 494c
A 56a9 3168 4950
A 56aa 3170 494c
A 56ab 3180 4950
A 56ac 3180 4940
A 56ad 31a0 4940
A 56ae 31bc 4934
A 56af 31c0 4940
A 56b0 3174 4930
A 56b1 3168 493c
A 56b2 3170 492c
A 56b3 3180 4930
A 56b4 31a4 492c
A 56b5 3198 4934
A 56b6 31b0 4924
A 56b7 3198 4924
A 56b8 3198 4910
A 56b9 3188 4918
A 56ba 3198 4914
A 56bb 319c 4910
A 56bc 317c 490c
A 56bd 31bc 4904
A 56be 31a4 4904
A 56bf 31b0 4904
A 56c0 318c 4900
A 56c1 3144 48fc
A 56c2 313c 48f0
A 56c3 3150 48ec
A 56c4 316c 48f4
A 56c5 31bc 48ec
A 56c6 3238 48e0
A 56c7 3248 48e4
A 56c8 3248 48e0
A 56c9 3278 48dc
A 56ca 32c4 48d8
A 56cb 32e0 48dc
A 56cc 3320 48d4
A 56cd 3324 48cc
A 56ce 3334 48cc
A 56cf 3368 48c8
A 56d0 33a0 48cc
A 56d1 33dc 48b8
A 56d2 33f8 48c4
A 56d3 3418 48b0
A 56d4 344c 48bc
A 56d5 3448 48a0
A 56d6 3430 48a8
A 56d7 3444 4894
A 56d8 345c 48a0
A 56d9 3464 4894
A 56da 3498 4898
A 56db 34ac 4888
A 56dc 34cc 4890
A 56dd 34ec 487c
A 56de 3534 487c
A 56df 3520 4878
A 56e0 354c 4878
A 56e1 357c 4874
A 56e2 3594 4864
A 56e3 3590 4870
A 56e4 35c8 4868
A 56e5 35d8 485c
A 56e6 35f0 485c
A 56e7 35e8 4854
A 56e8 361c 4858
A 56e9 3640 4854
A 56ea 366c 4850
A 56eb 36b4 4844
A 56ec 36fc 483c
A 56ed 375c 483c
A 56ee 37c8 483c
A 56ef 3824 4838
A 56f0 3850 482c
A 56f1 38b8 482c
A 56f2 3918 4828
A 56f3 39ac 4824
A 56f4 3a1c 4824
A 56f5 3a70 481c
A 56f6 3adc 4814
A 56f7 3b48 4814
A 56f8 3bac 4818
A 56f9 3bcc 4824
A 56fa 3c2c 4810
A 56fb 3c5c 4820
A 56fc 3cb4 4810
A 56fd 3cf0 4820
A 56fe 3d00 480c
A 56ff 3d40 4818
A 5700 3d84 4800
A 5701 3dbc 4808
T 5701 19f4 60a4
D 5701 085c 0008
A 5702 3e08 47f8
A 5703 3e30 4804
A 5704 3e5c 47f4
A 5705 3e8c 47f8
A 5706 3eac 47f4
A 5707 3ec0 47f0
A 5708 3ed8 47ec
A 5709 3ee0 47e0
S 5709 0004 0000
A 570a 3f14 47e0
A 570b 3f24 47cc
A 570c 3f3c 47d4
A 570d 3f20 47d4
A 570e 3f38 47d4
A 570f 3f4c 47d0
A 5710 3f70 47d8
A 5711 3f80 47e0
A 5712 3f88 47dc
A 5713 3f7c 47e0
A 5714 3f7c 47d8
A 5715 3f7c 47dc
A 5716 3f80 47e0
A 5717 3f74 47dc
A 5718 3f90 47d4
A 5719 3f70 47cc
A 571a 3f7c 47cc
A 571b 3f80 47cc
A 571c 3f78 47c8
A 571d 3f98 47c4
A 571e 3f78 47b8
A 571f 3f84 47b8
A 5720 3f88 47bc
A 5721 3f8c 47bc
A 5722 3f88 47b4
A 5723 3f88 47b0
A 5724 3f90 47ac
A 5725 3f78 47ac
A 5726 3f94 47a8
A 5727 3f84 47a4
A 5728 3f98 47a4
A 5729 3f90 4790
A 572a 3f88 4790
A 572b 3f94 4794
A 572c 3f7c 4794
A 572d 3f84 4784
A 572e 3f90 477c
A 572f 3f7c 477c
A 5730 3f6c 4774
A 5731 3f70 4774
A 5732 3f68 476c
A 5733 3f74 4764
A 5734 3f68 4764
A 5735 3f60 475c
A 5736 3f7c 4760
A 5737 3f68 4758
A 5738 3f6c 4754
A 5739 3f68 474c
A 573a 3f74 4748
A 573b 3f74 4744
A 573c 3f68 4744
A 573d 3f68 4740
A 573e 3f68 4734
A 573f 3f74 4730
A 5740 3f68 4730
A 5741 3f78 472c
A 5742 3f60 4724
A 5743 3f64 4720
A 5744 3f74 471c
A 5745 3f78 4718
A 5746 3f7c 4710
A 5747 3f6c 4708
A 5748 3f68 4708
A 5749 3f60 46f8
A 574a 3f68 4704
A 574b 3f54 46f4
A 574c 3f54 46f8
A 574d 3f58 46e8
A 574e 3f5c 46f4
A 574f 3f4c 46dc
A 5750 3f6c 46f0
A 5751 3f68 46d4
A 5752 3f64 46e4
A 5753 3f44 46d0
A 5754 3f50 46d4
A 5755 3f74 46c8
A 5756 3f68 46cc
A 5757 3f6c 46c0
A 5758 3f70 46c4
A 5759 3f70 46bc
A 575a 3f70 46b8
A 575b 3f74 46b8
A 575c 3f60 46a8
A 575d 3f6c 46ac
A 575e 3f64 469c
A 575f 3f64 46ac
A 5760 3f6c 46a0
A 5761 3f70 46b0
A 5762 3f60 4694
A 5763 3f84 46a4
A 5764 3f60 468c
A 5765 3f68 4698
A 5766 3f6c 4684
A 5767 3f68 468c
A 5768 3f64 4678
A 5769 3f70 4684
A 576a 3f68 467c
A 576b 3f54 467c
A 576c 3f5c 4670
A 576d 3f50 4670
A 576e 3f6c 4670
A 576f 3f68 4664
A 5770 3f58 4668
A 5771 3f60 465c
A 5772 3f74 4658
A 5773 3f54 464c
A 5774 3f5c 4660
A 5775 3f60 4648
A 5776 3f60 4654
A 5777 3f50 463c
A 5778 3f54 4650
A 5779 3f50 463c
A 577a 3f4c 4648
A 577b 3f5c 4630
A 577c 3f50 4634
A 577d 3f5c 4628
A 577e 3f60 462c
A 577f 3f54 4624
A 5780 3f58 4620
A 5781 3f5c 4620
T 5781 19ec 60a0
D 5781 085c 0008
A 5782 3f58 4620
A 5783 3f5c 461c
A 5784 3f68 4618
A 5785 3f58 4614
A 5786 3f54 4608
A 5787 3f74 4608
A 5788 3f54 4604
A 5789 3f5c 4604
A 578a 3f48 45fc
A 578b 3f6c 45f4
A 578c 3f5c 45f8
A 578d 3f4c 45f4
A 578e 3f64 45f0
A 578f 3f38 45e4
A 5790 3f5c 45dc
A 5791 3f48 45dc
A 5792 3f50 45d8
A 5793 3f4c 45d8
A 5794 3f54 45d4
A 5795 3f58 45d0
A 5796 3f54 45d4
A 5797 3f4c 45c8
A 5798 3f50 45c8
A 5799 3f60 45c0
A 579a 3f58 45b8
A 579b 3f64 45b0
A 579c 3f50 45b8
A 579d 3f54 45ac
A 579e 3f4c 45b8
A 579f 3f50 45a0
A 57a0 3f54 45a8
A 57a1 3f58 459c
A 57a2 3f44 45a8
A 57a3 3f6c 4594
A 57a4 3f54 459c
A 57a5 3f5c 458c
A 57a6 3f58 4590
A 57a7 3f6c 4584
A 57a8 3f54 4590
A 57a9 3f54 457c
A 57aa 3f54 4580
A 57ab 3f4c 4578
A 57ac 3f48 4578
A 57ad 3f54 4574
A 57ae 3f44 4574
A 57af 3f5c 4568
A 57b0 3f54 4568
A 57b1 3f5c 4564
A 57b2 3f58 4568
A 57b3 3f54 4558
A 57b4 3f4c 455c
A 57b5 3f50 4554
A 57b6 3f44 4554
A 57b7 3f4c 454c
A 57b8 3f44 4550
A 57b9 3f4c 4548
A 57ba 3f4c 453c
A 57bb 3f4c 4534
A 57bc 3f40 4538
A 57bd 3f60 4530
A 57be 3f4c 4530
A 57bf 3f48 452c
A 57c0 3f4c 4534
A 57c1 3f3c 4524
A 57c2 3f44 452c
A 57c3 3f40 451c
A 57c4 3f40 451c
A 57c5 3f38 450c
A 57c6 3f4c 451c
A 57c7 3f4c 4508
A 57c8 3f58 4514
A 57c9 3f34 4504
A 57ca 3f4c 450c
A 57cb 3f4c 44f8
A 57cc 3f50 4504
A 57cd 3f38 44f8
A 57ce 3f54 44fc
A 57cf 3f3c 44e4
A 57d0 3f40 44e8
A 57d1 3f44 44f0
A 57d2 3f44 44e4
A 57d3 3f4c 44e4
A 57d4 3f38 44dc
A 57d5 3f2c 44e8
A 57d6 3f3c 44d0
A 57d7 3f38 44dc
A 57d8 3f44 44c4
A 57d9 3f44 44d4
A 57da 3f34 44bc
A 57db 3f44 44d4
A 57dc 3f48 44b4
A 57dd 3f3c 44c4
A 57de 3f38 44b0
A 57df 3f34 44c0
A 57e0 3f48 44ac
A 57e1 3f3c 44bc
A 57e2 3f40 44a8
A 57e3 3f30 44ac
A 57e4 3f34 44a4
A 57e5 3f3c 44a4
A 57e6 3f28 44a4
A 57e7 3f34 4498
A 57e8 3f3c 449c
A 57e9 3f40 448c
A 57ea 3f40 4498
A 57eb 3f30 4488
A 57ec 3f3c 4494
A 57ed 3f34 4478
A 57ee 3f40 448c
A 57ef 3f44 4470
A 57f0 3f40 4484
A 57f1 3f44 4470
A 57f2 3f34 4478
A 57f3 3f34 446c
A 57f4 3f34 4474
A 57f5 3f44 446c
A 57f6 3f40 4470
A 57f7 3f2c 445c
A 57f8 3f38 445c
A 57f9 3f44 4458
A 57fa 3f38 445c
A 57fb 3f30 4458
A 57fc 3f38 444c
A 57fd 3f40 4450
A 57fe 3f34 4450
A 57ff 3f34 4448
A 5800 3f44 4444
A 5801 3f38 4444
T 5801 19f0 60a4
D 5801 0860 0008
A 5802 3f3c 4438
A 5803 3f3c 4430
A 5804 3f38 443c
A 5805 3f34 4438
A 5806 3f40 442c
A 5807 3f3c 4428
A 5808 3f34 442c
A 5809 3f40 4424
S 5809 0004 0000
A 580a 3f44 4428
A 580b 3f48 4420
A 580c 3f34 4414
A 580d 3f24 4410
A 580e 3f38 4414
A 580f 3f2c 4410
A 5810 3f30 440c
A 5811 3f2c 4408
A 5812 3f2c 4404
A 5813 3f20 440c
A 5814 3f30 43fc
A 5815 3f40 4408
A 5816 3f44 43f0
A 5817 3f3c 43f8
A 5818 3f2c 43e8
A 5819 3f50 43fc
A 581a 3f44 43e4
A 581b 3f40 43ec
A 581c 3f24 43e0
A 581d 3f30 43e8
A 581e 3f28 43d8
A 581f 3f38 43e4
A 5820 3f34 43d0
A 5821 3f3c 43d4
A 5822 3f30 43cc
A 5823 3f1c 43cc
A 5824 3f3c 43c8
A 5825 3f44 43c8
A 5826 3f48 43c8
A 5827 3f34 43c0
A 5828 3f38 43bc
A 5829 3f44 43c0
A 582a 3f30 43bc
A 582b 3f34 43b4
A 582c 3f4c 43b4
A 582d 3f34 43b0
A 582e 3f34 43ac
A 582f 3f24 43a4
A 5830 3f34 43a0
A 5831 3f1c 43a4
A 5832 3f38 43a0
A 5833 3f48 439c
A 5834 3f30 439c
A 5835 3f38 4390
A 5836 3f34 438c
A 5837 3f24 438c
A 5838 3f28 4388
A 5839 3f2c 4388
A 583a 3f34 4384
A 583b 3f30 4380
A 583c 3f44 4384
A 583d 3f28 4380
A 583e 3f34 4378
A 583f 3f14 4378
A 5840 3f14 4368
A 5841 3f28 436c
A 5842 3f1c 436c
A 5843 3f3c 436c
A 5844 3f20 4364
A 5845 3f24 4364
A 5846 3f30 435c
A 5847 3f20 4360
A 5848 3f24 435c
A 5849 3f20 4358
A 584a 3f20 4354
A 584b 3f1c 434c
A 584c 3f24 4350
A 584d 3f1c 4348
A 584e 3f28 4344
A 584f 3f10 4344
A 5850 3f10 4340
A 5851 3f14 4340
A 5852 3f20 433c
A 5853 3f10 4338
A 5854 3f14 4334
A 5855 3f18 4328
A 5856 3f24 4328
A 5857 3ef4 432c
A 5858 3f18 4328
A 5859 3f30 4328
A 585a 3f24 4320
A 585b 3f24 4320
A 585c 3f34 4324
A 585d 3f20 431c
A 585e 3f20 4314
A 585f 3f1c 4310
A 5860 3f1c 430c
A 5861 3f18 4310
A 5862 3f1c 430c
A 5863 3f24 430c
A 5864 3f18 4300
A 5865 3f08 4300
A 5866 3f2c 42f8
A 5867 3f14 42fc
A 5868 3f28 42f4
A 5869 3f20 42f8
A 586a 3f20 42ec
A 586b 3f0c 42ec
A 586c 3f2c 42e8
A 586d 3f14 42e8
A 586e 3efc 42e4
A 586f 3f10 42e0
A 5870 3f1c 42e0
A 5871 3f10 42e4
A 5872 3f18 42dc
A 5873 3f3c 42d4
A 5874 3f30 42d4
A 5875 3f14 42cc
A 5876 3f04 42d4
A 5877 3f18 42d0
A 5878 3f18 42c8
A 5879 3f0c 42c4
A 587a 3f2c 42c4
A 587b 3f1c 42c0
A 587c 3f24 42bc
A 587d 3f00 42b8
A 587e 3f1c 42b4
A 587f 3f14 42b4
A 5880 3f1c 42b0
A 5881 3f28 42b0
T 5881 19f0 60a8
D 5881 0860 0004
A 5882 3f08 42ac
A 5883 3f18 42a8
A 5884 3f08 42a4
A 5885 3f0c 42a8
A 5886 3f1c 42a4
A 5887 3f24 4298
A 5888 3f10 4290
A 5889 3f00 4290
A 588a 3f0c 4290
A 588b 3ef8 4294
A 588c 3f10 4290
A 588d 3efc 428c
A 588e 3f10 4288
A 588f 3f00 4284
A 5890 3f24 4284
A 5891 3f14 4284
A 5892 3f14 4280
A 5893 3f2c 4278
A 5894 3f18 4274
A 5895 3f00 427c
A 5896 3f10 4274
A 5897 3f10 4270
A 5898 3f04 4268
A 5899 3ef8 4270
A 589a 3f20 4270
A 589b 3f24 4268
A 589c 3f14 425c
A 589d 3f1c 4258
A 589e 3f0c 4258
A 589f 3f10 425c
A 58a0 3f2c 4260
A 58a1 3f0c 4254
A 58a2 3f04 4250
A 58a3 3efc 424c
A 58a4 3f00 4248
A 58a5 3f08 424c
A 58a6 3f04 4248
A 58a7 3f04 4240
A 58a8 3f0c 4238
A 58a9 3f08 423c
A 58aa 3f14 423c
A 58ab 3f04 4238
A 58ac 3f08 4234
A 58ad 3f00 4230
A 58ae 3f0c 4230
A 58af 3f04 422c
A 58b0 3f04 4230
A 58b1 3f0c 422c
A 58b2 3f04 4220
A 58b3 3f08 4224
A 58b4 3f0c 4220
A 58b5 3f00 4220
A 58b6 3f04 421c
A 58b7 3ef4 4214
A 58b8 3f14 4218
A 58b9 3f1c 421c
A 58ba 3f18 4214
A 58bb 3f14 4214
A 58bc 3f04 4208
A 58bd 3f04 4200
A 58be 3f14 420c
A 58bf 3f10 4208
A 58c0 3f00 41fc
A 58c1 3f00 41fc
A 58c2 3f00 41fc
A 58c3 3ef8 41fc
A 58c4 3f0c 41f8
A 58c5 3f1c 41f4
A 58c6 3f0c 41ec
A 58c7 3f08 41ec
A 58c8 3f04 41ec
A 58c9 3f10 41e8
A 58ca 3f04 41e4
A 58cb 3ef4 41e8
A 58cc 3ef8 41e4
A 58cd 3f14 41dc
A 58ce 3f08 41dc
A 58cf 3f04 41e0
A 58d0 3f08 41d8
A 58d1 3f00 41d4
A 58d2 3f04 41d0
A 58d3 3ef0 41cc
A 58d4 3efc 41d4
A 58d5 3f0c 41c8
A 58d6 3f04 41c8
A 58d7 3f0c 41cc
A 58d8 3f0c 41c0
A 58d9 3f14 41c4
A 58da 3f00 41c0
A 58db 3efc 41b4
A 58dc 3f08 41b4
A 58dd 3f04 41b8
A 58de 3f10 41b8
A 58df 3ef8 41b0
A 58e0 3ef8 41b0
A 58e1 3ef4 41ac
A 58e2 3f00 41b0
A 58e3 3ef0 41a8
A 58e4 3f04 41a4
A 58e5 3f08 419c
A 58e6 3ef8 4198
A 58e7 3f10 419c
A 58e8 3ef4 41a0
A 58e9 3ef8 4198
A 58ea 3ef8 4198
A 58eb 3eec 4190
A 58ec 3ef0 418c
A 58ed 3ef4 418c
A 58ee 3efc 4188
A 58ef 3ef4 4184
A 58f0 3efc 4180
A 58f1 3efc 4180
A 58f2 3f00 4180
A 58f3 3f04 4184
A 58f4 3ef4 417c
A 58f5 3ef8 4178
A 58f6 3ef0 417c
A 58f7 3ef8 4178
A 58f8 3f08 4174
A 58f9 3f00 4170
A 58fa 3efc 4168
A 58fb 3efc 4168
A 58fc 3ef8 4168
A 58fd 3f20 416c
A 58fe 3f00 4164
A 58ff 3f04 4160
A 5900 3f04 415c
A 5901 3f0c 415c
T 5901 19f0 60a0
D 5901 0860 0004
A 5902 3f08 415c
A 5903 3f00 415c
A 5904 3f08 4154
A 5905 3f04 414c
A 5906 3efc 4154
A 5907 3f10 4150
A 5908 3f00 4154
A 5909 3ef4 4148
A 590a 3ee4 4144
A 590b 3ee4 4140
A 590c 3ef8 4140
A 590d 3ef8 4144
A 590e 3ee8 413c
A 590f 3f00 4130
A 5910 3ee8 4134
A 5911 3ef4 413c
A 5912 3ef4 4134
A 5913 3efc 4130
A 5914 3ee0 4130
A 5915 3ee4 412c
A 5916 3eec 4130
A 5917 3ef4 4128
A 5918 3ee4 4124
A 5919 3efc 411c
A 591a 3ef8 4124
A 591b 3efc 4124
A 591c 3ef8 411c
A 591d 3ef0 4118
A 591e 3ef0 4114
A 591f 3eec 4118
A 5920 3f00 410c
A 5921 3eec 4118
A 5922 3edc 410c
A 5923 3ee0 410c
A 5924 3ef4 4108
A 5925 3ee4 4108
A 5926 3ef0 4108
A 5927 3eec 4100
A 5928 3edc 4100
A 5929 3eec 40fc
A 592a 3ef0 40fc
A 592b 3ef8 40fc
A 592c 3efc 40f8
A 592d 3ee8 40f4
A 592e 3ef0 40ec
A 592f 3ef4 40f4
A 5930 3ee8 40f0
A 5931 3ee4 40f0
A 5932 3ef4 40e4
A 5933 3ed8 40e8
A 5934 3ee4 40e4
A 5935 3ee8 40e4
A 5936 3ef0 40e8
A 5937 3ee4 40e0
A 5938 3ee8 40dc
A 5939 3ef4 40dc
A 593a 3ee0 40dc
A 593b 3ef8 40dc
A 593c 3ef4 40cc
A 593d 3ed8 40d4
A 593e 3ef0 40d0
A 593f 3f00 40d4
A 5940 3ee8 40cc
A 5941 3edc 40cc
A 5942 3ef4 40c4
A 5943 3f10 40c8
A 5944 3ef8 40c0
A 5945 3eec 40c4
A 5946 3ed4 40bc
A 5947 3ef8 40bc
A 5948 3ee0 40c0
A 5949 3ee4 40b8
A 594a 3ef4 40b8
A 594b 3ef0 40b4
A 594c 3eec 40ac
A 594d 3ecc 40ac
A 594e 3ef0 40ac
A 594f 3edc 40b0
A 5950 3ef8 40a4
A 5951 3ee8 40a8
A 5952 3ef0 40a4
A 5953 3edc 40a0
A 5954 3ee4 409c
A 5955 3edc 40a0
A 5956 3eec 40a0
A 5957 3edc 4098
A 5958 3ee0 4098
A 5959 3ef0 4094
A 595a 3ee8 4098
A 595b 3ee4 4094
A 595c 3ed8 408c
A 595d 3ee0 4090
A 595e 3ee4 4090
A 595f 3ee8 408c
A 5960 3ef4 4084
A 5961 3edc 4080
A 5962 3ee8 4080
A 5963 3eec 407c
A 5964 3ee0 4080
A 5965 3ee4 407c
A 5966 3ed8 407c
A 5967 3ef0 4078
A 5968 3efc 4074
A 5969 3eec 4074
A 596a 3efc 4078
A 596b 3ef0 406c
A 596c 3ee8 4068
A 596d 3ee0 4060
A 596e 3eec 406c
A 596f 3ef8 4068
A 5970 3ee4 4064
A 5971 3eec 4064
A 5972 3ee8 4068
A 5973 3ee8 405c
A 5974 3ee8 4060
A 5975 3eec 405c
A 5976 3ee0 4058
A 5977 3ef0 4050
A 5978 3ee8 4058
A 5979 3ee4 4050
A 597a 3ee0 405c
A 597b 3eec 4050
A 597c 3ee4 4050
A 597d 3ed8 404c
A 597e 3ee8 4050
A 597f 3ee8 404c
A 5980 3ee4 4044
A 5981 3eec 4040
T 5981 19f0 60a0
D 5981 085c 0008
A 5982 3ed8 4044
A 5983 3eec 4044
A 5984 3ef4 4044
A 5985 3f00 403c
A 5986 3ee4 403c
A 5987 3ee4 4038
A 5988 3ef4 4040
A 5989 3ee4 4030
A 598a 3ee4 4030
A 598b 3ee4 402c
A 598c 3eec 402c
A 598d 3eec 4034
A 598e 3ef0 4030
A 598f 3eec 4024
A 5990 3ed0 4028
A 5991 3ef8 402c
A 5992 3ee8 4024
A 5993 3ef0 4020
A 5994 3ee0 4018
A 5995 3ee0 4018
A 5996 3edc 4018
A 5997 3eec 4018
A 5998 3ee8 4018
A 5999 3ee0 4014
A 599a 3ef0 4014
A 599b 3ed8 4010
A 599c 3ee8 400c
A 599d 3ee0 4010
A 599e 3ee4 400c
A 599f 3ee0 4004
A 59a0 3ee8 4000
A 59a1 3ee0 4004
A 59a2 3ef4 4008
A 59a3 3ee4 4004
A 59a4 3eec 4000
A 59a5 3edc 3ffc
A 59a6 3ee8 3ffc
A 59a7 3ef4 3ff8
A 59a8 3ee8 3ffc
A 59a9 3edc 3ff8
A 59aa 3eec 3ff0
A 59ab 3ee0 3fec
A 59ac 3ee8 3ff4
A 59ad 3ee0 3fec
A 59ae 3edc 3fec
A 59af 3ee8 3fe8
A 59b0 3ee0 3fe8
A 59b1 3ed8 3fe4
A 59b2 3ee8 3fe4
A 59b3 3ed4 3fe4
A 59b4 3ee8 3fe0
A 59b5 3ef0 3fd8
A 59b6 3eec 3fdc
A 59b7 3ee8 3fd8
A 59b8 3ed0 3fd4
A 59b9 3eec 3fd8
A 59ba 3ed0 3fd8
A 59bb 3ed8 3fd4
A 59bc 3ee0 3fd4
A 59bd 3ee4 3fd0
A 59be 3ee4 3fc8
A 59bf 3ed8 3fcc
A 59c0 3ecc 3fcc
A 59c1 3ed8 3fc8
A 59c2 3edc 3fcc
A 59c3 3ee0 3fc4
A 59c4 3edc 3fc0
A 59c5 3ec8 3fc8
A 59c6 3ef0 3fc0
A 59c7 3ed8 3fc0
A 59c8 3ee0 3fb8
A 59c9 3ed8 3fb8
A 59ca 3ee8 3fb8
A 59cb 3ed0 3fb8
A 59cc 3ee8 3fb4
A 59cd 3ed0 3fb4
A 59ce 3edc 3fb0
A 59cf 3edc 3fb0
A 59d0 3ee0 3fb0
A 59d1 3ed8 3fb0
A 59d2 3ed0 3fac
A 59d3 3ed4 3fac
A 59d4 3eec 3fa4
A 59d5 3edc 3fa4
A 59d6 3ed8 3fa8
A 59d7 3ecc 3fa4
A 59d8 3ecc 3fa4
A 59d9 3ecc 3fa4
A 59da 3eec 3fa4
A 59db 3eec 3fa4
A 59dc 3ef0 3fa0
A 59dd 3edc 3f9c
A 59de 3ee0 3f94
A 59df 3ee0 3f94
A 59e0 3ee4 3f98
A 59e1 3eec 3f94
A 59e2 3ec8 3f94
A 59e3 3ed8 3f90
A 59e4 3ed8 3f90
A 59e5 3ef0 3f90
A 59e6 3ee8 3f90
A 59e7 3ee0 3f88
A 59e8 3ef0 3f84
A 59e9 3ee0 3f84
A 59ea 3ee0 3f88
A 59eb 3ed8 3f84
A 59ec 3edc 3f80
A 59ed 3ed4 3f7c
A 59ee 3edc 3f7c
A 59ef 3ee4 3f84
A 59f0 3ed4 3f7c
A 59f1 3ee8 3f78
A 59f2 3ed4 3f70
A 59f3 3ee4 3f70
A 59f4 3eec 3f74
A 59f5 3ee0 3f74
A 59f6 3edc 3f70
A 59f7 3ee4 3f70
A 59f8 3ec4 3f70
A 59f9 3ef0 3f6c
A 59fa 3ee0 3f70
A 59fb 3ecc 3f6c
A 59fc 3eec 3f68
A 59fd 3ed4 3f60
A 59fe 3ecc 3f64
A 59ff 3ec8 3f68
A 5a00 3ef4 3f60
A 5a01 3ed8 3f64
T 5a01 19e8 60a0
D 5a01 0860 0004
A 5a02 3ed8 3f5c
A 5a03 3ec8 3f5c
A 5a04 3ee8 3f60
A 5a05 3eec 3f58
A 5a06 3edc 3f5c
A 5a07 3ed0 3f54
A 5a08 3eec 3f50
A 5a09 3ee8 3f54
A 5a0a 3ee0 3f50
A 5a0b 3ee0 3f50
A 5a0c 3ed4 3f50
A 5a0d 3ee0 3f50
A 5a0e 3ed4 3f48
A 5a0f 3ed4 3f50
A 5a10 3ed8 3f4c
A 5a11 3ed0 3f40
A 5a12 3ee4 3f44
A 5a13 3ed4 3f44
A 5a14 3ecc 3f48
A 5a15 3ec8 3f3c
A 5a16 3edc 3f3c
A 5a17 3ec8 3f3c
A 5a18 3ed4 3f40
A 5a19 3ed4 3f3c
A 5a1a 3ee0 3f34
A 5a1b 3edc 3f34
A 5a1c 3ed4 3f30
A 5a1d 3ec8 3f30
A 5a1e 3edc 3f34
A 5a1f 3ee0 3f30
A 5a20 3ee0 3f30
A 5a21 3ec8 3f30
A 5a22 3ed4 3f2c
A 5a23 3ee4 3f2c
A 5a24 3ef8 3f2c
A 5a25 3ee8 3f24
A 5a26 3ed8 3f1c
A 5a27 3ee4 3f24
A 5a28 3ee4 3f24
A 5a29 3ed8 3f24
A 5a2a 3ed0 3f20
A 5a2b 3ed4 3f1c
A 5a2c 3ee0 3f20
A 5a2d 3ecc 3f1c
A 5a2e 3ed8 3f1c
A 5a2f 3ed0 3f18
A 5a30 3ed4 3f18
A 5a31 3ed8 3f14
A 5a32 3ed0 3f14
A 5a33 3ed0 3f18
A 5a34 3ed4 3f10
A 5a35 3ecc 3f0c
A 5a36 3ec0 3f14
A 5a37 3ec8 3f10
A 5a38 3ee0 3f10
A 5a39 3ec0 3f08
A 5a3a 3ec8 3f04
A 5a3b 3ec0 3f00
A 5a3c 3ecc 3f08
A 5a3d 3ed0 3f08
A 5a3e 3ecc 3f00
A 5a3f 3ec0 3f00
A 5a40 3ec0 3f00
A 5a41 3ec4 3f04
A 5a42 3ec0 3efc
A 5a43 3ee4 3f00
A 5a44 3ec4 3ef8
A 5a45 3ec0 3ef4
A 5a46 3ed0 3ef0
A 5a47 3ec4 3ef8
A 5a48 3ec8 3ef4
A 5a49 3ec8 3ef0
A 5a4a 3ec4 3ef4
A 5a4b 3ed0 3ef4
A 5a4c 3ebc 3ef0
A 5a4d 3ec4 3ef0
A 5a4e 3ed8 3ee8
A 5a4f 3ec0 3ee8
A 5a50 3ed4 3ee8
A 5a51 3ecc 3ee8
A 5a52 3edc 3ee8
A 5a53 3ecc 3ee0
A 5a54 3ec0 3ee4
A 5a55 3ed4 3ee4
A 5a56 3ee0 3ee0
A 5a57 3ed0 3ee0
A 5a58 3ed8 3ee0
A 5a59 3eb0 3ed8
A 5a5a 3ed0 3ed8
A 5a5b 3ec4 3ed8
A 5a5c 3ec8 3ee0
A 5a5d 3ecc 3edc
A 5a5e 3ed4 3ed8
A 5a5f 3ec0 3ed8
A 5a60 3ed8 3ed8
A 5a61 3ed4 3ed4
A 5a62 3ed4 3ed4
A 5a63 3ebc 3ed0
A 5a64 3ed0 3ec8
A 5a65 3ed8 3ecc
A 5a66 3ed8 3ed4
A 5a67 3ed8 3ec4
A 5a68 3ed4 3ec8
A 5a69 3ed0 3ec8
A 5a6a 3ecc 3ecc
A 5a6b 3ecc 3ec8
A 5a6c 3ec8 3ec8
A 5a6d 3ec0 3ec4
A 5a6e 3eb8 3ebc
A 5a6f 3ecc 3ec0
A 5a70 3ed0 3ec4
A 5a71 3edc 3ec0
A 5a72 3ec8 3ec0
A 5a73 3ec4 3ebc
A 5a74 3ed8 3ebc
A 5a75 3ecc 3eb8
A 5a76 3ec8 3ebc
A 5a77 3edc 3eb8
A 5a78 3ed4 3eb4
A 5a79 3ec4 3eb0
A 5a7a 3ebc 3eb0
A 5a7b 3ed0 3eb4
A 5a7c 3ed0 3eb0
A 5a7d 3ecc 3ea8
A 5a7e 3ec0 3eac
A 5a7f 3edc 3eb0
A 5a80 3ed4 3eb0
A 5a81 3ec8 3eb0
T 5a81 19ec 60a4
D 5a81 085c 0008
A 5a82 3ed4 3ea8
A 5a83 3ecc 3ea4
A 5a84 3ec4 3ea0
A 5a85 3ee0 3ea4
A 5a86 3ed0 3ea8
A 5a87 3ed8 3ea0
A 5a88 3ecc 3ea4
A 5a89 3ed8 3ea0
A 5a8a 3ed0 3ea0
A 5a8b 3ecc 3ea4
A 5a8c 3ed0 3e98
A 5a8d 3ec8 3e98
A 5a8e 3ed0 3e94
A 5a8f 3ed0 3e9c
A 5a90 3ecc 3e98
A 5a91 3ec8 3e9c
A 5a92 3ec8 3e94
A 5a93 3ec8 3e94
A 5a94 3ec0 3e94
A 5a95 3ec8 3e94
A 5a96 3ecc 3e8c
A 5a97 3ee4 3e8c
A 5a98 3ec8 3e84
A 5a99 3ee4 3e8c
A 5a9a 3ed8 3e8c
A 5a9b 3edc 3e88
A 5a9c 3eec 3e88
A 5a9d 3ed8 3e88
A 5a9e 3ec8 3e8c
A 5a9f 3ec4 3e8c
A 5aa0 3ebc 3e88
A 5aa1 3ed8 3e88
A 5aa2 3ec0 3e80
A 5aa3 3ec4 3e80
A 5aa4 3ebc 3e84
A 5aa5 3ed8 3e84
A 5aa6 3ed0 3e80
A 5aa7 3eb8 3e7c
A 5aa8 3ecc 3e7c
A 5aa9 3ec8 3e80
A 5aaa 3ec0 3e80
A 5aab 3ec8 3e7c
A 5aac 3ec8 3e70
A 5aad 3ebc 3e68
A 5aae 3ec8 3e78
A 5aaf 3ec4 3e7c
A 5ab0 3ecc 3e70
A 5ab1 3ebc 3e70
A 5ab2 3eb4 3e74
A 5ab3 3ebc 3e74
A 5ab4 3ecc 3e78
A 5ab5 3ecc 3e70
A 5ab6 3ea4 3e6c
A 5ab7 3ec4 3e64
A 5ab8 3ec8 3e64
A 5ab9 3ec0 3e68
A 5aba 3eb4 3e70
A 5abb 3ec4 3e64
A 5abc 3eb8 3e68
A 5abd 3eb4 3e64
A 5abe 3eb8 3e68
A 5abf 3eb0 3e68
A 5ac0 3eb0 3e60
A 5ac1 3eb4 3e5c
A 5ac2 3ecc 3e60
A 5ac3 3ed0 3e60
A 5ac4 3ec8 3e5c
A 5ac5 3ec8 3e5c
A 5ac6 3ebc 3e5c
A 5ac7 3ec8 3e5c
A 5ac8 3ecc 3e5c
A 5ac9 3ec8 3e5c
A 5aca 3ed4 3e54
A 5acb 3ec8 3e58
A 5acc 3ec8 3e50
A 5acd 3ed0 3e54
A 5ace 3ed0 3e58
A 5acf 3ec0 3e54
A 5ad0 3ed0 3e54
A 5ad1 3ec4 3e50
A 5ad2 3eb8 3e50
A 5ad3 3ec8 3e54
A 5ad4 3ed8 3e48
A 5ad5 3eb0 3e50
A 5ad6 3eb8 3e4c
A 5ad7 3ec0 3e4c
A 5ad8 3ed0 3e50
A 5ad9 3ed8 3e44
A 5ada 3ec8 3e44
A 5adb 3ecc 3e44
A 5adc 3ec0 3e48
A 5add 3ec8 3e48
A 5ade 3eb0 3e48
A 5adf 3ea8 3e40
A 5ae0 3eac 3e38
A 5ae1 3ec0 3e3c
A 5ae2 3ec4 3e40
A 5ae3 3ec8 3e44
A 5ae4 3ec0 3e40
A 5ae5 3ec0 3e3c
A 5ae6 3ec0 3e40
A 5ae7 3eb0 3e40
A 5ae8 3ed4 3e38
A 5ae9 3ec8 3e38
A 5aea 3ec8 3e34
A 5aeb 3ec4 3e34
A 5aec 3ec8 3e34
A 5aed 3ebc 3e38
A 5aee 3ebc 3e34
A 5aef 3eb4 3e34
A 5af0 3ea0 3e34
A 5af1 3ec8 3e38
A 5af2 3ed0 3e34
A 5af3 3ecc 3e30
A 5af4 3ed4 3e2c
A 5af5 3ecc 3e24
A 5af6 3ed4 3e2c
A 5af7 3eb8 3e30
A 5af8 3ec8 3e30
A 5af9 3ec8 3e28
A 5afa 3ec0 3e2c
A 5afb 3ec0 3e24
A 5afc 3ed0 3e24
A 5afd 3ec0 3e2c
A 5afe 3eac 3e24
A 5aff 3eb4 3e20
A 5b00 3eb4 3e20
A 5b01 3eac 3e20
T 5b01 19ec 60a8
D 5b01 085c 0008
A 5b02 3ec0 3e24
A 5b03 3ebc 3e24
A 5b04 3ec8 3e20
A 5b05 3eb8 3e20
A 5b06 3ec4 3e20
A 5b07 3ed4 3e1c
A 5b08 3ebc 3e20
A 5b09 3eb8 3e18
A 5b0a 3eb0 3e18
A 5b0b 3ed0 3e18
A 5b0c 3ec8 3e18
A 5b0d 3eb8 3e18
A 5b0e 3ebc 3e1c
A 5b0f 3eac 3e18
A 5b10 3ec8 3e14
A 5b11 3ed0 3e1c
A 5b12 3eb4 3e10
A 5b13 3eb4 3e0c
A 5b14 3eb8 3e0c
A 5b15 3ec0 3e10
A 5b16 3ed8 3e10
A 5b17 3ed0 3e14
A 5b18 3ec8 3e0c
A 5b19 3eb4 3e10
A 5b1a 3ebc 3e0c
A 5b1b 3ec8 3e0c
A 5b1c 3eb4 3e0c
A 5b1d 3ec4 3e0c
A 5b1e 3ecc 3e08
A 5b1f 3ec8 3e08
A 5b20 3ebc 3e0c
A 5b21 3ec8 3e0c
A 5b22 3eac 3e08
A 5b23 3ed4 3e04
A 5b24 3ebc 3e08
A 5b25 3ebc 3e04
A 5b26 3ecc 3e08
A 5b27 3eb4 3e04
A 5b28 3ec0 3e00
A 5b29 3ecc 3dfc
A 5b2a 3eb8 3dfc
A 5b2b 3eb8 3e00
A 5b2c 3eb8 3e00
A 5b2d 3eb4 3df8
A 5b2e 3ea0 3dfc
A 5b2f 3ec8 3dfc
A 5b30 3eac 3dfc
A 5b31 3ecc 3df8
A 5b32 3ebc 3dfc
A 5b33 3ec4 3df4
A 5b34 3ec8 3df4
A 5b35 3ec4 3dfc
A 5b36 3eb8 3df4
A 5b37 3ec0 3df4
A 5b38 3eb0 3df4
A 5b39 3eac 3df8
A 5b3a 3eb0 3df4
A 5b3b 3eb8 3df4
A 5b3c 3ec8 3df0
A 5b3d 3eac 3dec
A 5b3e 3ec0 3de8
A 5b3f 3eb4 3df4
A 5b40 3eb8 3df0
A 5b41 3eb4 3de4
A 5b42 3eb4 3df0
A 5b43 3eb8 3df0
A 5b44 3ec4 3df0
A 5b45 3eb8 3dec
A 5b46 3ec8 3dec
A 5b47 3ec4 3de4
A 5b48 3eb8 3de4
A 5b49 3eb4 3de8
A 5b4a 3eb4 3de8
A 5b4b 3ec4 3de8
A 5b4c 3eac 3de8
A 5b4d 3eb0 3de4
A 5b4e 3ea8 3de8
A 5b4f 3eb0 3de8
A 5b50 3ec8 3de0
A 5b51 3ec8 3ddc
A 5b52 3eb0 3ddc
A 5b53 3eac 3de0
A 5b54 3eb8 3de4
A 5b55 3ec4 3de0
A 5b56 3ec0 3ddc
A 5b57 3eb4 3ddc
A 5b58 3eac 3de4
A 5b59 3ebc 3de0
A 5b5a 3eb4 3de0
A 5b5b 3eb0 3ddc
A 5b5c 3ea0 3dd8
A 5b5d 3eb4 3dd8
A 5b5e 3ec0 3dd8
A 5b5f 3ebc 3dd8
A 5b60 3ec4 3dd4
A 5b61 3ec0 3dd8
A 5b62 3ec0 3dd8
A 5b63 3ebc 3dd8
A 5b64 3eac 3dd4
A 5b65 3ec0 3dd8
A 5b66 3eb8 3dd0
A 5b67 3eb0 3dd0
A 5b68 3ea8 3dd4
A 5b69 3eb8 3ddc
A 5b6a 3ebc 3dd0
A 5b6b 3eac 3dcc
A 5b6c 3ea8 3dcc
A 5b6d 3ec4 3dd0
A 5b6e 3ec0 3dd0
A 5b6f 3ec4 3dd0
A 5b70 3ea8 3dcc
A 5b71 3eb0 3dc4
A 5b72 3eb0 3dc8
A 5b73 3eb4 3dcc
A 5b74 3ebc 3dcc
A 5b75 3ec4 3dcc
A 5b76 3eb8 3dcc
A 5b77 3eac 3dd0
A 5b78 3ecc 3dcc
A 5b79 3eb4 3dcc
A 5b7a 3eb0 3dc8
A 5b7b 3eb0 3dc0
A 5b7c 3eb0 3dc0
A 5b7d 3eb8 3dc8
A 5b7e 3ea8 3dc8
A 5b7f 3ea4 3dc0
A 5b80 3eb4 3dc0
A 5b81 3ea4 3dc8
T 5b81 19f0 60a4
D 5b81 085c 0008
A 5b82 3eb8 3dc0
A 5b83 3ea8 3dc8
A 5b84 3eb0 3dc0
A 5b85 3eac 3dc0
A 5b86 3ea8 3dbc
A 5b87 3eb0 3dc4
A 5b88 3ebc 3dc4
A 5b89 3ec4 3dbc
A 5b8a 3ec0 3dbc
A 5b8b 3eb8 3dbc
A 5b8c 3ea4 3dbc
A 5b8d 3eb4 3dc0
A 5b8e 3eb0 3dc0
A 5b8f 3eb0 3db4
A 5b90 3eb8 3db0
A 5b91 3eac 3db8
A 5b92 3ebc 3dbc
A 5b93 3eb8 3dbc
A 5b94 3eac 3db8
A 5b95 3e9c 3db8
A 5b96 3eb4 3dbc
A 5b97 3eb4 3dbc
A 5b98 3eb0 3db8
A 5b99 3ea0 3db4
A 5b9a 3ea8 3db0
A 5b9b 3ec8 3db8
A 5b9c 3ea0 3db4
A 5b9d 3eac 3db0
A 5b9e 3eb4 3db4
A 5b9f 3ea8 3db4
A 5ba0 3ebc 3db4
A 5ba1 3ec8 3db0
A 5ba2 3ebc 3db4
A 5ba3 3e9c 3db0
A 5ba4 3ea8 3dac
A 5ba5 3eb8 3da8
A 5ba6 3eb8 3db4
A 5ba7 3eb4 3db0
A 5ba8 3eb0 3db0
A 5ba9 3ebc 3dac
A 5baa 3ea0 3dac
A 5bab 3ea8 3dac
A 5bac 3eb0 3dac
A 5bad 3ea8 3db4
A 5bae 3eb0 3dac
A 5baf 3eb0 3da8
A 5bb0 3ea4 3dac
A 5bb1 3eb0 3dac
A 5bb2 3eac 3da8
A 5bb3 3ea0 3dac
A 5bb4 3ea4 3da8
A 5bb5 3ea0 3da8
A 5bb6 3eb4 3dac
A 5bb7 3ec4 3da8
A 5bb8 3e9c 3da8
A 5bb9 3eb8 3da0
A 5bba 3ec8 3d9c
A 5bbb 3ec0 3da4
A 5bbc 3eb8 3da4
A 5bbd 3eac 3da8
A 5bbe 3eb0 3da4
A 5bbf 3eb0 3da8
A 5bc0 3ec4 3da8
A 5bc1 3eb0 3da8
A 5bc2 3eac 3da0
A 5bc3 3ebc 3da0
A 5bc4 3eb4 3d9c
A 5bc5 3ec8 3da4
A 5bc6 3ec8 3da4
A 5bc7 3ea4 3da4
A 5bc8 3eac 3da0
A 5bc9 3eac 3da0
A 5bca 3eb8 3da4
A 5bcb 3eb8 3da0
A 5bcc 3ebc 3d9c
A 5bcd 3eb0 3d9c
A 5bce 3ec0 3da0
A 5bcf 3ec8 3da0
A 5bd0 3e9c 3da0
A 5bd1 3ebc 3d9c
A 5bd2 3ec0 3da0
A 5bd3 3ebc 3d98
A 5bd4 3eac 3d9c
A 5bd5 3eb8 3d9c
A 5bd6 3eac 3d98
A 5bd7 3eb4 3d98
A 5bd8 3ea4 3d90
A 5bd9 3eb8 3d94
A 5bda 3eb8 3d9c
A 5bdb 3ea4 3d98
A 5bdc 3eb0 3d9c
A 5bdd 3ea4 3d9c
A 5bde 3eb0 3da0
A 5bdf 3eb0 3d9c
A 5be0 3ea8 3d9c
A 5be1 3ea4 3d94
A 5be2 3ea4 3d94
A 5be3 3eb8 3d90
A 5be4 3ea8 3d94
A 5be5 3eac 3d98
A 5be6 3eb0 3d98
A 5be7 3eb4 3d94
A 5be8 3eac 3d98
A 5be9 3ec0 3d94
A 5bea 3eb8 3d94
A 5beb 3eb4 3d98
A 5bec 3eb8 3d98
A 5bed 3ea4 3d90
A 5bee 3eb8 3d94
A 5bef 3ec0 3d94
A 5bf0 3ebc 3d94
A 5bf1 3ec4 3d94
A 5bf2 3ec8 3d8c
A 5bf3 3ea4 3d94
A 5bf4 3eb8 3d90
A 5bf5 3ec0 3d94
A 5bf6 3ebc 3d8c
A 5bf7 3eb8 3d8c
A 5bf8 3ebc 3d8c
A 5bf9 3eb4 3d94
A 5bfa 3ed0 3d90
A 5bfb 3ec8 3d90
A 5bfc 3eb4 3d90
A 5bfd 3eb0 3d8c
A 5bfe 3ea8 3d90
A 5bff 3ebc 3d94
A 5c00 3ebc 3d8c
A 5c01 3eb4 3d84
T 5c01 19ec 6098
D 5c01 0860 0008
A 5c02 3ebc 3d84
A 5c03 3eb0 3d8c
A 5c04 3ec8 3d94
A 5c05 3ea8 3d90
A 5c06 3ec0 3d8c
A 5c07 3ea4 3d8c
A 5c08 3ea8 3d8c
A 5c09 3ec0 3d8c
A 5c0a 3eb4 3d90
A 5c0b 3ea4 3d88
A 5c0c 3ebc 3d90
A 5c0d 3e9c 3d8c
A 5c0e 3eb8 3d90
A 5c0f 3eb8 3d90
A 5c10 3eb0 3d8c
A 5c11 3ea4 3d88
A 5c12 3ec0 3d8c
A 5c13 3eb8 3d88
A 5c14 3ea4 3d88
A 5c15 3ea4 3d88
A 5c16 3ec4 3d84
A 5c17 3ebc 3d84
A 5c18 3eb4 3d8c
A 5c19 3ed0 3d88
A 5c1a 3eb4 3d88
A 5c1b 3ec8 3d8c
A 5c1c 3ea8 3d84
A 5c1d 3eb4 3d88
A 5c1e 3ebc 3d88
A 5c1f 3eac 3d88
A 5c20 3ebc 3d80
A 5c21 3eb8 3d80
A 5c22 3ec0 3d8c
A 5c23 3ec8 3d88
A 5c24 3ec4 3d88
A 5c25 3ebc 3d84
A 5c26 3eac 3d88
A 5c27 3ec0 3d84
A 5c28 3eb8 3d88
A 5c29 3eb4 3d88
A 5c2a 3ea4 3d80
A 5c2b 3eb8 3d80
A 5c2c 3eb0 3d7c
A 5c2d 3eb0 3d88
A 5c2e 3ebc 3d88
A 5c2f 3eb0 3d84
A 5c30 3ebc 3d80
A 5c31 3eac 3d88
A 5c32 3ea0 3d84
A 5c33 3ea4 3d84
A 5c34 3e9c 3d80
A 5c35 3ea0 3d7c
A 5c36 3eb8 3d7c
A 5c37 3ea0 3d80
A 5c38 3eac 3d80
A 5c39 3ea4 3d80
A 5c3a 3ea0 3d80
A 5c3b 3eb0 3d84
A 5c3c 3ebc 3d80
A 5c3d 3eb8 3d80
A 5c3e 3eb0 3d80
A 5c3f 3eb8 3d7c
A 5c40 3eb0 3d7c
A 5c41 3eb0 3d80
A 5c42 3eb0 3d84
A 5c43 3e98 3d7c
A 5c44 3eb0 3d84
A 5c45 3ea8 3d84
A 5c46 3eb0 3d84
A 5c47 3ea4 3d84
A 5c48 3e98 3d84
A 5c49 3eb8 3d7c
A 5c4a 3ea4 3d78
A 5c4b 3eac 3d7c
A 5c4c 3eb8 3d88
A 5c4d 3ea8 3d84
A 5c4e 3ea8 3d84
A 5c4f 3e9c 3d7c
A 5c50 3eb8 3d80
A 5c51 3eb4 3d80
A 5c52 3eb0 3d80
A 5c53 3ea0 3d80
A 5c54 3ec4 3d7c
A 5c55 3ebc 3d80
A 5c56 3ebc 3d80
A 5c57 3ea4 3d7c
A 5c58 3eb0 3d7c
A 5c59 3ea4 3d7c
A 5c5a 3ea8 3d80
A 5c5b 3eb4 3d80
A 5c5c 3eac 3d7c
A 5c5d 3ea4 3d7c
A 5c5e 3eac 3d78
A 5c5f 3ea0 3d78
A 5c60 3ebc 3d80
A 5c61 3e9c 3d80
A 5c62 3eac 3d7c
A 5c63 3eb0 3d80
A 5c64 3eb4 3d7c
A 5c65 3ea4 3d7c
A 5c66 3ec0 3d80
A 5c67 3ea0 3d7c
A 5c68 3ea0 3d7c
A 5c69 3ea8 3d74
A 5c6a 3ebc 3d7c
A 5c6b 3ea4 3d84
A 5c6c 3ea0 3d80
A 5c6d 3eb4 3d80
A 5c6e 3ea8 3d78
A 5c6f 3ec0 3d80
A 5c70 3eb8 3d7c
A 5c71 3eac 3d80
A 5c72 3ec4 3d7c
A 5c73 3ebc 3d78
A 5c74 3ebc 3d7c
A 5c75 3eb4 3d78
A 5c76 3eb8 3d78
A 5c77 3eb0 3d7c
A 5c78 3e94 3d7c
A 5c79 3eac 3d80
A 5c7a 3eb4 3d7c
A 5c7b 3ec0 3d7c
A 5c7c 3eb0 3d80
A 5c7d 3eac 3d78
A 5c7e 3eac 3d74
A 5c7f 3e98 3d7c
A 5c80 3eac 3d7c
